Log file open, 04/09/19 19:14:33
LogWindows: Failed to load 'aqProf.dll' (GetLastError=126)
LogWindows: File 'aqProf.dll' does not exist
LogWindows: Failed to load 'VtuneApi.dll' (GetLastError=126)
LogWindows: File 'VtuneApi.dll' does not exist
LogWindows: Failed to load 'VtuneApi32e.dll' (GetLastError=126)
LogWindows: File 'VtuneApi32e.dll' does not exist
LogConsoleResponse: Display: Failed to find resolution value strings in scalability ini. Falling back to default.
LogInit: Display: Running engine for game: SpaceShooter
LogPakFile: Registered encryption key '00000000000000000000000000000000': 0 pak files mounted, 0 remain pending
LogPlatformFile: Not using cached read wrapper
LogTaskGraph: Started task graph with 5 named threads and 23 total threads with 3 sets of task threads.
LogStats: Stats thread started at 0.282591
LogD3D11RHI: Loaded GFSDK_Aftermath_Lib.x64.dll
LogICUInternationalization: ICU TimeZone Detection - Raw Offset: -3:00, Platform Override: ''
LogPluginManager: Mounting plugin Paper2D
LogPluginManager: Mounting plugin AISupport
LogPluginManager: Mounting plugin LightPropagationVolume
LogPluginManager: Mounting plugin ActorLayerUtilities
LogPluginManager: Mounting plugin CLionSourceCodeAccess
LogPluginManager: Mounting plugin CodeLiteSourceCodeAccess
LogPluginManager: Mounting plugin GitSourceControl
LogPluginManager: Mounting plugin KDevelopSourceCodeAccess
LogPluginManager: Mounting plugin NullSourceCodeAccess
LogPluginManager: Mounting plugin PerforceSourceControl
LogPluginManager: Mounting plugin SubversionSourceControl
LogPluginManager: Mounting plugin UObjectPlugin
LogPluginManager: Mounting plugin VisualStudioCodeSourceCodeAccess
LogPluginManager: Mounting plugin VisualStudioSourceCodeAccess
LogPluginManager: Mounting plugin XCodeSourceCodeAccess
LogPluginManager: Mounting plugin AssetManagerEditor
LogPluginManager: Mounting plugin CryptoKeys
LogPluginManager: Mounting plugin DataValidation
LogPluginManager: Mounting plugin FacialAnimation
LogPluginManager: Mounting plugin GameplayTagsEditor
LogPluginManager: Mounting plugin MacGraphicsSwitching
LogPluginManager: Mounting plugin MeshEditor
LogPluginManager: Mounting plugin MobileLauncherProfileWizard
LogPluginManager: Mounting plugin PluginBrowser
LogPluginManager: Mounting plugin SpeedTreeImporter
LogPluginManager: Mounting plugin DatasmithContent
LogPluginManager: Mounting plugin VariantManagerContent
LogPluginManager: Mounting plugin AlembicImporter
LogPluginManager: Mounting plugin AppleImageUtils
LogPluginManager: Mounting plugin AppleVision
LogPluginManager: Mounting plugin BackChannel
LogPluginManager: Mounting plugin CharacterAI
LogPluginManager: Mounting plugin GeometryCache
LogPluginManager: Mounting plugin HTML5Networking
LogPluginManager: Mounting plugin ProxyLODPlugin
LogPluginManager: Mounting plugin MagicLeap
LogPluginManager: Mounting plugin MagicLeapMedia
LogPluginManager: Mounting plugin AndroidMedia
LogPluginManager: Mounting plugin AvfMedia
LogPluginManager: Mounting plugin ImgMedia
LogPluginManager: Mounting plugin LinearTimecode
LogPluginManager: Mounting plugin MediaCompositing
LogPluginManager: Mounting plugin MediaPlayerEditor
LogPluginManager: Mounting plugin WebMMedia
LogPluginManager: Mounting plugin WmfMedia
LogPluginManager: Mounting plugin TcpMessaging
LogPluginManager: Mounting plugin UdpMessaging
LogPluginManager: Mounting plugin ActorSequence
LogPluginManager: Mounting plugin LevelSequenceEditor
LogPluginManager: Mounting plugin MatineeToLevelSequence
LogPluginManager: Mounting plugin NetcodeUnitTest
LogPluginManager: Mounting plugin NUTUnrealEngine4
LogPluginManager: Mounting plugin OnlineSubsystemGooglePlay
LogPluginManager: Mounting plugin OnlineSubsystemIOS
LogPluginManager: Mounting plugin OnlineSubsystem
LogPluginManager: Mounting plugin OnlineSubsystemNull
LogPluginManager: Mounting plugin OnlineSubsystemUtils
LogPluginManager: Mounting plugin LauncherChunkInstaller
LogPluginManager: Mounting plugin AndroidDeviceProfileSelector
LogPluginManager: Mounting plugin AndroidMoviePlayer
LogPluginManager: Mounting plugin AndroidPermission
LogPluginManager: Mounting plugin AppleMoviePlayer
LogPluginManager: Mounting plugin ArchVisCharacter
LogPluginManager: Mounting plugin AudioCapture
LogPluginManager: Mounting plugin CableComponent
LogPluginManager: Mounting plugin CustomMeshComponent
LogPluginManager: Mounting plugin EditableMesh
LogPluginManager: Mounting plugin ExampleDeviceProfileSelector
LogPluginManager: Mounting plugin Firebase
LogPluginManager: Mounting plugin GoogleCloudMessaging
LogPluginManager: Mounting plugin IOSDeviceProfileSelector
LogPluginManager: Mounting plugin LinuxDeviceProfileSelector
LogPluginManager: Mounting plugin LocationServicesBPLibrary
LogPluginManager: Mounting plugin MobilePatchingUtils
LogPluginManager: Mounting plugin OculusVR
LogPluginManager: Mounting plugin PhysXVehicles
LogPluginManager: Mounting plugin ProceduralMeshComponent
LogPluginManager: Mounting plugin RuntimePhysXCooking
LogPluginManager: Mounting plugin SteamVR
LogPluginManager: Mounting plugin WebMMoviePlayer
LogPluginManager: Mounting plugin WindowsMoviePlayer
LogStreaming: Display: Took  0.265s to configure plugins.
LogInit: Using libcurl 7.55.1-DEV
LogInit:  - built for x86_64-pc-win32
LogInit:  - supports SSL with OpenSSL/1.0.2h
LogInit:  - supports HTTP deflate (compression) using libz 1.2.8
LogInit:  - other features:
LogInit:      CURL_VERSION_SSL
LogInit:      CURL_VERSION_LIBZ
LogInit:      CURL_VERSION_IPV6
LogInit:      CURL_VERSION_ASYNCHDNS
LogInit:      CURL_VERSION_LARGEFILE
LogInit:      CURL_VERSION_IDN
LogInit:  CurlRequestOptions (configurable via config and command line):
LogInit:  - bVerifyPeer = true  - Libcurl will verify peer certificate
LogInit:  - bUseHttpProxy = false  - Libcurl will NOT use HTTP proxy
LogInit:  - bDontReuseConnections = false  - Libcurl will reuse connections
LogInit:  - MaxHostConnections = 16  - Libcurl will limit the number of connections to a host
LogInit:  - LocalHostAddr = Default
LogInit:  - BufferSize = 65536
LogInit: WinSock: version 1.1 (2.2), MaxSocks=32767, MaxUdp=65467
LogInit: Build: ++UE4+Release-4.21-CL-4753647
LogInit: Engine Version: 4.21.2-4753647+++UE4+Release-4.21
LogInit: Compatible Engine Version: 4.21.0-4541578+++UE4+Release-4.21
LogInit: Net CL: 4541578
LogInit: OS: Windows 10 (), CPU: Intel(R) Core(TM) i7-4770S CPU @ 3.10GHz, GPU: Intel(R) HD Graphics 4600
LogInit: Compiled (64-bit): Jan 19 2019 02:07:31
LogInit: Compiled with Visual C++: 19.13.26129.00
LogInit: Build Configuration: Development
LogInit: Branch Name: ++UE4+Release-4.21
LogInit: Command Line: 
LogInit: Base Directory: C:/Program Files/Epic Games/UE_4.21/Engine/Binaries/Win64/
LogInit: Installed Engine Build: 1
LogDevObjectVersion: Number of dev versions registered: 22
LogDevObjectVersion:   Dev-Blueprints (B0D832E4-1F89-4F0D-ACCF-7EB736FD4AA2): 10
LogDevObjectVersion:   Dev-Build (E1C64328-A22C-4D53-A36C-8E866417BD8C): 0
LogDevObjectVersion:   Dev-Core (375EC13C-06E4-48FB-B500-84F0262A717E): 2
LogDevObjectVersion:   Dev-Editor (E4B068ED-F494-42E9-A231-DA0B2E46BB41): 26
LogDevObjectVersion:   Dev-Framework (CFFC743F-43B0-4480-9391-14DF171D2073): 34
LogDevObjectVersion:   Dev-Mobile (B02B49B5-BB20-44E9-A304-32B752E40360): 2
LogDevObjectVersion:   Dev-Networking (A4E4105C-59A1-49B5-A7C5-40C4547EDFEE): 0
LogDevObjectVersion:   Dev-Online (39C831C9-5AE6-47DC-9A44-9C173E1C8E7C): 0
LogDevObjectVersion:   Dev-Physics (78F01B33-EBEA-4F98-B9B4-84EACCB95AA2): 0
LogDevObjectVersion:   Dev-Platform (6631380F-2D4D-43E0-8009-CF276956A95A): 0
LogDevObjectVersion:   Dev-Rendering (12F88B9F-8875-4AFC-A67C-D90C383ABD29): 27
LogDevObjectVersion:   Dev-Sequencer (7B5AE74C-D270-4C10-A958-57980B212A5A): 9
LogDevObjectVersion:   Dev-VR (D7296918-1DD6-4BDD-9DE2-64A83CC13884): 2
LogDevObjectVersion:   Dev-LoadTimes (C2A15278-BFE7-4AFE-6C17-90FF531DF755): 1
LogDevObjectVersion:   Private-Geometry (6EACA3D4-40EC-4CC1-B786-8BED09428FC5): 3
LogDevObjectVersion:   Dev-AnimPhys (29E575DD-E0A3-4627-9D10-D276232CDCEA): 17
LogDevObjectVersion:   Dev-Anim (AF43A65D-7FD3-4947-9873-3E8ED9C1BB05): 2
LogDevObjectVersion:   Dev-ReflectionCapture (6B266CEC-1EC7-4B8F-A30B-E4D90942FC07): 1
LogDevObjectVersion:   Dev-Automation (0DF73D61-A23F-47EA-B727-89E90C41499A): 1
LogDevObjectVersion:   FortniteMain (601D1886-AC64-4F84-AA16-D3DE0DEAC7D6): 17
LogDevObjectVersion:   Dev-Enterprise (9DFFBCD6-494F-0158-E221-12823C92A888): 4
LogDevObjectVersion:   Dev-Niagara (F2AED0AC-9AFE-416F-8664-AA7FFA26D6FC): 1
LogStreaming: Display: Took  0.002s to delete old logs.
LogInit: Presizing for max 8388607 objects, including 0 objects not considered by GC, pre-allocating 0 bytes for permanent pool.
LogInit: Object subsystem initialized
LogConfig: Setting CVar [[con.DebugEarlyDefault:1]]
LogConfig: Setting CVar [[r.setres:1280x720]]
[2019.04.09-22.14.33:444][  0]LogConfig: Setting CVar [[r.VSync:0]]
[2019.04.09-22.14.33:444][  0]LogConfig: Setting CVar [[r.RHICmdBypass:0]]
[2019.04.09-22.14.33:444][  0]LogConfig: Applying CVar settings from Section [/Script/Engine.RendererSettings] File [F:/SpaceShooter/Saved/Config/Windows/Engine.ini]
[2019.04.09-22.14.33:444][  0]LogConfig: Setting CVar [[r.GPUCrashDebugging:0]]
[2019.04.09-22.14.33:444][  0]LogConfig: Applying CVar settings from Section [/Script/Engine.RendererOverrideSettings] File [F:/SpaceShooter/Saved/Config/Windows/Engine.ini]
[2019.04.09-22.14.33:444][  0]LogConfig: Applying CVar settings from Section [/Script/Engine.StreamingSettings] File [F:/SpaceShooter/Saved/Config/Windows/Engine.ini]
[2019.04.09-22.14.33:444][  0]LogConfig: Setting CVar [[s.MinBulkDataSizeForAsyncLoading:131072]]
[2019.04.09-22.14.33:444][  0]LogConfig: Setting CVar [[s.AsyncLoadingThreadEnabled:0]]
[2019.04.09-22.14.33:444][  0]LogConfig: Setting CVar [[s.EventDrivenLoaderEnabled:1]]
[2019.04.09-22.14.33:444][  0]LogConfig: Setting CVar [[s.WarnIfTimeLimitExceeded:0]]
[2019.04.09-22.14.33:444][  0]LogConfig: Setting CVar [[s.TimeLimitExceededMultiplier:1.5]]
[2019.04.09-22.14.33:444][  0]LogConfig: Setting CVar [[s.TimeLimitExceededMinTime:0.005]]
[2019.04.09-22.14.33:444][  0]LogConfig: Setting CVar [[s.UseBackgroundLevelStreaming:1]]
[2019.04.09-22.14.33:444][  0]LogConfig: Setting CVar [[s.PriorityAsyncLoadingExtraTime:15.0]]
[2019.04.09-22.14.33:444][  0]LogConfig: Setting CVar [[s.LevelStreamingActorsUpdateTimeLimit:5.0]]
[2019.04.09-22.14.33:444][  0]LogConfig: Setting CVar [[s.PriorityLevelStreamingActorsUpdateExtraTime:5.0]]
[2019.04.09-22.14.33:444][  0]LogConfig: Setting CVar [[s.LevelStreamingComponentsRegistrationGranularity:10]]
[2019.04.09-22.14.33:444][  0]LogConfig: Setting CVar [[s.UnregisterComponentsTimeLimit:1.0]]
[2019.04.09-22.14.33:444][  0]LogConfig: Setting CVar [[s.LevelStreamingComponentsUnregistrationGranularity:5]]
[2019.04.09-22.14.33:444][  0]LogConfig: Applying CVar settings from Section [/Script/Engine.GarbageCollectionSettings] File [F:/SpaceShooter/Saved/Config/Windows/Engine.ini]
[2019.04.09-22.14.33:444][  0]LogConfig: Setting CVar [[gc.MaxObjectsNotConsideredByGC:1]]
[2019.04.09-22.14.33:444][  0]LogConfig: Setting CVar [[gc.SizeOfPermanentObjectPool:0]]
[2019.04.09-22.14.33:444][  0]LogConfig: Setting CVar [[gc.FlushStreamingOnGC:0]]
[2019.04.09-22.14.33:444][  0]LogConfig: Setting CVar [[gc.NumRetriesBeforeForcingGC:10]]
[2019.04.09-22.14.33:444][  0]LogConfig: Setting CVar [[gc.AllowParallelGC:1]]
[2019.04.09-22.14.33:444][  0]LogConfig: Setting CVar [[gc.TimeBetweenPurgingPendingKillObjects:61.1]]
[2019.04.09-22.14.33:444][  0]LogConfig: Setting CVar [[gc.MaxObjectsInEditor:8388607]]
[2019.04.09-22.14.33:444][  0]LogConfig: Setting CVar [[gc.IncrementalBeginDestroyEnabled:1]]
[2019.04.09-22.14.33:444][  0]LogConfig: Setting CVar [[gc.CreateGCClusters:1]]
[2019.04.09-22.14.33:444][  0]LogConfig: Setting CVar [[gc.MergeGCClusters:0]]
[2019.04.09-22.14.33:444][  0]LogConfig: Setting CVar [[gc.MinGCClusterSize:5]]
[2019.04.09-22.14.33:444][  0]LogConfig: Setting CVar [[gc.ActorClusteringEnabled:0]]
[2019.04.09-22.14.33:444][  0]LogConfig: Setting CVar [[gc.BlueprintClusteringEnabled:0]]
[2019.04.09-22.14.33:444][  0]LogConfig: Setting CVar [[gc.UseDisregardForGCOnDedicatedServers:0]]
[2019.04.09-22.14.33:444][  0]LogConfig: Applying CVar settings from Section [/Script/Engine.NetworkSettings] File [F:/SpaceShooter/Saved/Config/Windows/Engine.ini]
[2019.04.09-22.14.33:444][  0]LogConfig: Applying CVar settings from Section [/Script/UnrealEd.CookerSettings] File [F:/SpaceShooter/Saved/Config/Windows/Engine.ini]
[2019.04.09-22.14.33:446][  0]LogConfig: Applying CVar settings from Section [ViewDistanceQuality@3] File [F:/SpaceShooter/Saved/Config/Windows/Scalability.ini]
[2019.04.09-22.14.33:446][  0]LogConfig: Setting CVar [[r.SkeletalMeshLODBias:0]]
[2019.04.09-22.14.33:446][  0]LogConfig: Setting CVar [[r.ViewDistanceScale:1.0]]
[2019.04.09-22.14.33:446][  0]LogConfig: Applying CVar settings from Section [AntiAliasingQuality@3] File [F:/SpaceShooter/Saved/Config/Windows/Scalability.ini]
[2019.04.09-22.14.33:446][  0]LogConfig: Setting CVar [[r.PostProcessAAQuality:4]]
[2019.04.09-22.14.33:446][  0]LogConfig: Applying CVar settings from Section [ShadowQuality@3] File [F:/SpaceShooter/Saved/Config/Windows/Scalability.ini]
[2019.04.09-22.14.33:446][  0]LogConfig: Setting CVar [[r.LightFunctionQuality:1]]
[2019.04.09-22.14.33:446][  0]LogConfig: Setting CVar [[r.ShadowQuality:5]]
[2019.04.09-22.14.33:446][  0]LogConfig: Setting CVar [[r.Shadow.CSM.MaxCascades:10]]
[2019.04.09-22.14.33:446][  0]LogConfig: Setting CVar [[r.Shadow.MaxResolution:2048]]
[2019.04.09-22.14.33:446][  0]LogConfig: Setting CVar [[r.Shadow.MaxCSMResolution:2048]]
[2019.04.09-22.14.33:446][  0]LogConfig: Setting CVar [[r.Shadow.RadiusThreshold:0.01]]
[2019.04.09-22.14.33:446][  0]LogConfig: Setting CVar [[r.Shadow.DistanceScale:1.0]]
[2019.04.09-22.14.33:446][  0]LogConfig: Setting CVar [[r.Shadow.CSM.TransitionScale:1.0]]
[2019.04.09-22.14.33:446][  0]LogConfig: Setting CVar [[r.Shadow.PreShadowResolutionFactor:1.0]]
[2019.04.09-22.14.33:446][  0]LogConfig: Setting CVar [[r.DistanceFieldShadowing:1]]
[2019.04.09-22.14.33:446][  0]LogConfig: Setting CVar [[r.DistanceFieldAO:1]]
[2019.04.09-22.14.33:446][  0]LogConfig: Setting CVar [[r.AOQuality:2]]
[2019.04.09-22.14.33:446][  0]LogConfig: Setting CVar [[r.VolumetricFog:1]]
[2019.04.09-22.14.33:446][  0]LogConfig: Setting CVar [[r.VolumetricFog.GridPixelSize:8]]
[2019.04.09-22.14.33:446][  0]LogConfig: Setting CVar [[r.VolumetricFog.GridSizeZ:128]]
[2019.04.09-22.14.33:446][  0]LogConfig: Setting CVar [[r.VolumetricFog.HistoryMissSupersampleCount:4]]
[2019.04.09-22.14.33:446][  0]LogConfig: Setting CVar [[r.LightMaxDrawDistanceScale:1]]
[2019.04.09-22.14.33:446][  0]LogConfig: Setting CVar [[r.CapsuleShadows:1]]
[2019.04.09-22.14.33:447][  0]LogConfig: Applying CVar settings from Section [PostProcessQuality@3] File [F:/SpaceShooter/Saved/Config/Windows/Scalability.ini]
[2019.04.09-22.14.33:447][  0]LogConfig: Setting CVar [[r.MotionBlurQuality:4]]
[2019.04.09-22.14.33:447][  0]LogConfig: Setting CVar [[r.AmbientOcclusionMipLevelFactor:0.4]]
[2019.04.09-22.14.33:447][  0]LogConfig: Setting CVar [[r.AmbientOcclusionMaxQuality:100]]
[2019.04.09-22.14.33:447][  0]LogConfig: Setting CVar [[r.AmbientOcclusionLevels:-1]]
[2019.04.09-22.14.33:447][  0]LogConfig: Setting CVar [[r.AmbientOcclusionRadiusScale:1.0]]
[2019.04.09-22.14.33:447][  0]LogConfig: Setting CVar [[r.DepthOfFieldQuality:2]]
[2019.04.09-22.14.33:447][  0]LogConfig: Setting CVar [[r.RenderTargetPoolMin:400]]
[2019.04.09-22.14.33:447][  0]LogConfig: Setting CVar [[r.LensFlareQuality:2]]
[2019.04.09-22.14.33:447][  0]LogConfig: Setting CVar [[r.SceneColorFringeQuality:1]]
[2019.04.09-22.14.33:447][  0]LogConfig: Setting CVar [[r.EyeAdaptationQuality:2]]
[2019.04.09-22.14.33:447][  0]LogConfig: Setting CVar [[r.BloomQuality:5]]
[2019.04.09-22.14.33:447][  0]LogConfig: Setting CVar [[r.FastBlurThreshold:100]]
[2019.04.09-22.14.33:447][  0]LogConfig: Setting CVar [[r.Upscale.Quality:3]]
[2019.04.09-22.14.33:447][  0]LogConfig: Setting CVar [[r.Tonemapper.GrainQuantization:1]]
[2019.04.09-22.14.33:447][  0]LogConfig: Setting CVar [[r.LightShaftQuality:1]]
[2019.04.09-22.14.33:447][  0]LogConfig: Setting CVar [[r.Filter.SizeScale:1]]
[2019.04.09-22.14.33:447][  0]LogConfig: Setting CVar [[r.Tonemapper.Quality:5]]
[2019.04.09-22.14.33:447][  0]LogConfig: Setting CVar [[r.DOF.Gather.AccumulatorQuality:1        ; higher gathering accumulator quality]]
[2019.04.09-22.14.33:447][  0]LogConfig: Setting CVar [[r.DOF.Gather.PostfilterMethod:1          ; Median3x3 postfilering method]]
[2019.04.09-22.14.33:447][  0]LogConfig: Setting CVar [[r.DOF.Gather.EnableBokehSettings:0       ; no bokeh simulation when gathering]]
[2019.04.09-22.14.33:447][  0]LogConfig: Setting CVar [[r.DOF.Gather.RingCount:4                 ; medium number of samples when gathering]]
[2019.04.09-22.14.33:447][  0]LogConfig: Setting CVar [[r.DOF.Scatter.ForegroundCompositing:1    ; additive foreground scattering]]
[2019.04.09-22.14.33:447][  0]LogConfig: Setting CVar [[r.DOF.Scatter.BackgroundCompositing:2    ; additive background scattering]]
[2019.04.09-22.14.33:447][  0]LogConfig: Setting CVar [[r.DOF.Scatter.EnableBokehSettings:1      ; bokeh simulation when scattering]]
[2019.04.09-22.14.33:447][  0]LogConfig: Setting CVar [[r.DOF.Scatter.MaxSpriteRatio:0.1         ; only a maximum of 10% of scattered bokeh]]
[2019.04.09-22.14.33:447][  0]LogConfig: Setting CVar [[r.DOF.Recombine.Quality:1                ; cheap slight out of focus]]
[2019.04.09-22.14.33:447][  0]LogConfig: Setting CVar [[r.DOF.Recombine.EnableBokehSettings:0    ; no bokeh simulation on slight out of focus]]
[2019.04.09-22.14.33:447][  0]LogConfig: Setting CVar [[r.DOF.TemporalAAQuality:1                ; more stable temporal accumulation]]
[2019.04.09-22.14.33:447][  0]LogConfig: Setting CVar [[r.DOF.Kernel.MaxForegroundRadius:0.025]]
[2019.04.09-22.14.33:447][  0]LogConfig: Setting CVar [[r.DOF.Kernel.MaxBackgroundRadius:0.025]]
[2019.04.09-22.14.33:447][  0]LogConfig: Applying CVar settings from Section [TextureQuality@3] File [F:/SpaceShooter/Saved/Config/Windows/Scalability.ini]
[2019.04.09-22.14.33:447][  0]LogConfig: Setting CVar [[r.Streaming.MipBias:0]]
[2019.04.09-22.14.33:447][  0]LogConfig: Setting CVar [[r.Streaming.AmortizeCPUToGPUCopy:0]]
[2019.04.09-22.14.33:447][  0]LogConfig: Setting CVar [[r.Streaming.MaxNumTexturesToStreamPerFrame:0]]
[2019.04.09-22.14.33:447][  0]LogConfig: Setting CVar [[r.Streaming.Boost:1]]
[2019.04.09-22.14.33:447][  0]LogConfig: Setting CVar [[r.MaxAnisotropy:8]]
[2019.04.09-22.14.33:447][  0]LogConfig: Setting CVar [[r.Streaming.LimitPoolSizeToVRAM:0]]
[2019.04.09-22.14.33:447][  0]LogConfig: Setting CVar [[r.Streaming.PoolSize:1000]]
[2019.04.09-22.14.33:447][  0]LogConfig: Setting CVar [[r.Streaming.MaxEffectiveScreenSize:0]]
[2019.04.09-22.14.33:447][  0]LogConfig: Applying CVar settings from Section [EffectsQuality@3] File [F:/SpaceShooter/Saved/Config/Windows/Scalability.ini]
[2019.04.09-22.14.33:447][  0]LogConfig: Setting CVar [[r.TranslucencyLightingVolumeDim:64]]
[2019.04.09-22.14.33:447][  0]LogConfig: Setting CVar [[r.RefractionQuality:2]]
[2019.04.09-22.14.33:447][  0]LogConfig: Setting CVar [[r.SSR.Quality:3]]
[2019.04.09-22.14.33:447][  0]LogConfig: Setting CVar [[r.SceneColorFormat:4]]
[2019.04.09-22.14.33:447][  0]LogConfig: Setting CVar [[r.DetailMode:2]]
[2019.04.09-22.14.33:447][  0]LogConfig: Setting CVar [[r.TranslucencyVolumeBlur:1]]
[2019.04.09-22.14.33:447][  0]LogConfig: Setting CVar [[r.MaterialQualityLevel:1 ; High quality]]
[2019.04.09-22.14.33:447][  0]LogConfig: Setting CVar [[r.SSS.Scale:1]]
[2019.04.09-22.14.33:447][  0]LogConfig: Setting CVar [[r.SSS.SampleSet:2]]
[2019.04.09-22.14.33:447][  0]LogConfig: Setting CVar [[r.SSS.Quality:1]]
[2019.04.09-22.14.33:447][  0]LogConfig: Setting CVar [[r.SSS.HalfRes:1]]
[2019.04.09-22.14.33:447][  0]LogConfig: Setting CVar [[r.EmitterSpawnRateScale:1.0]]
[2019.04.09-22.14.33:447][  0]LogConfig: Setting CVar [[r.ParticleLightQuality:2]]
[2019.04.09-22.14.33:447][  0]LogConfig: Applying CVar settings from Section [FoliageQuality@3] File [F:/SpaceShooter/Saved/Config/Windows/Scalability.ini]
[2019.04.09-22.14.33:447][  0]LogConfig: Setting CVar [[foliage.DensityScale:1.0]]
[2019.04.09-22.14.33:447][  0]LogConfig: Setting CVar [[grass.DensityScale:1.0]]
[2019.04.09-22.14.33:447][  0]LogInit: Selected Device Profile: [Windows]
[2019.04.09-22.14.33:447][  0]LogInit: Applying CVar settings loaded from the selected device profile: [Windows]
[2019.04.09-22.14.33:496][  0]LogHAL: Display: Platform has ~ 16 GB [17088593920 / 17179869184 / 16], which maps to Larger [LargestMinGB=32, LargerMinGB=12, DefaultMinGB=8, SmallerMinGB=6, SmallestMinGB=0)
[2019.04.09-22.14.33:496][  0]LogConfig: Setting CVar [[r.Vulkan.UseRealUBs:1]]
[2019.04.09-22.14.33:496][  0]LogInit: Going up to parent DeviceProfile []
[2019.04.09-22.14.33:496][  0]LogConfig: Applying CVar settings from Section [ViewDistanceQuality@3] File [F:/SpaceShooter/Saved/Config/Windows/Scalability.ini]
[2019.04.09-22.14.33:496][  0]LogConfig: Setting CVar [[r.SkeletalMeshLODBias:0]]
[2019.04.09-22.14.33:496][  0]LogConfig: Setting CVar [[r.ViewDistanceScale:1.0]]
[2019.04.09-22.14.33:496][  0]LogConfig: Applying CVar settings from Section [AntiAliasingQuality@3] File [F:/SpaceShooter/Saved/Config/Windows/Scalability.ini]
[2019.04.09-22.14.33:496][  0]LogConfig: Setting CVar [[r.PostProcessAAQuality:4]]
[2019.04.09-22.14.33:496][  0]LogConfig: Applying CVar settings from Section [ShadowQuality@3] File [F:/SpaceShooter/Saved/Config/Windows/Scalability.ini]
[2019.04.09-22.14.33:496][  0]LogConfig: Setting CVar [[r.LightFunctionQuality:1]]
[2019.04.09-22.14.33:496][  0]LogConfig: Setting CVar [[r.ShadowQuality:5]]
[2019.04.09-22.14.33:496][  0]LogConfig: Setting CVar [[r.Shadow.CSM.MaxCascades:10]]
[2019.04.09-22.14.33:496][  0]LogConfig: Setting CVar [[r.Shadow.MaxResolution:2048]]
[2019.04.09-22.14.33:496][  0]LogConfig: Setting CVar [[r.Shadow.MaxCSMResolution:2048]]
[2019.04.09-22.14.33:496][  0]LogConfig: Setting CVar [[r.Shadow.RadiusThreshold:0.01]]
[2019.04.09-22.14.33:496][  0]LogConfig: Setting CVar [[r.Shadow.DistanceScale:1.0]]
[2019.04.09-22.14.33:496][  0]LogConfig: Setting CVar [[r.Shadow.CSM.TransitionScale:1.0]]
[2019.04.09-22.14.33:496][  0]LogConfig: Setting CVar [[r.Shadow.PreShadowResolutionFactor:1.0]]
[2019.04.09-22.14.33:496][  0]LogConfig: Setting CVar [[r.DistanceFieldShadowing:1]]
[2019.04.09-22.14.33:496][  0]LogConfig: Setting CVar [[r.DistanceFieldAO:1]]
[2019.04.09-22.14.33:496][  0]LogConfig: Setting CVar [[r.AOQuality:2]]
[2019.04.09-22.14.33:496][  0]LogConfig: Setting CVar [[r.VolumetricFog:1]]
[2019.04.09-22.14.33:496][  0]LogConfig: Setting CVar [[r.VolumetricFog.GridPixelSize:8]]
[2019.04.09-22.14.33:496][  0]LogConfig: Setting CVar [[r.VolumetricFog.GridSizeZ:128]]
[2019.04.09-22.14.33:496][  0]LogConfig: Setting CVar [[r.VolumetricFog.HistoryMissSupersampleCount:4]]
[2019.04.09-22.14.33:496][  0]LogConfig: Setting CVar [[r.LightMaxDrawDistanceScale:1]]
[2019.04.09-22.14.33:496][  0]LogConfig: Setting CVar [[r.CapsuleShadows:1]]
[2019.04.09-22.14.33:496][  0]LogConfig: Applying CVar settings from Section [PostProcessQuality@3] File [F:/SpaceShooter/Saved/Config/Windows/Scalability.ini]
[2019.04.09-22.14.33:496][  0]LogConfig: Setting CVar [[r.MotionBlurQuality:4]]
[2019.04.09-22.14.33:496][  0]LogConfig: Setting CVar [[r.AmbientOcclusionMipLevelFactor:0.4]]
[2019.04.09-22.14.33:496][  0]LogConfig: Setting CVar [[r.AmbientOcclusionMaxQuality:100]]
[2019.04.09-22.14.33:496][  0]LogConfig: Setting CVar [[r.AmbientOcclusionLevels:-1]]
[2019.04.09-22.14.33:496][  0]LogConfig: Setting CVar [[r.AmbientOcclusionRadiusScale:1.0]]
[2019.04.09-22.14.33:496][  0]LogConfig: Setting CVar [[r.DepthOfFieldQuality:2]]
[2019.04.09-22.14.33:497][  0]LogConfig: Setting CVar [[r.RenderTargetPoolMin:400]]
[2019.04.09-22.14.33:497][  0]LogConfig: Setting CVar [[r.LensFlareQuality:2]]
[2019.04.09-22.14.33:497][  0]LogConfig: Setting CVar [[r.SceneColorFringeQuality:1]]
[2019.04.09-22.14.33:497][  0]LogConfig: Setting CVar [[r.EyeAdaptationQuality:2]]
[2019.04.09-22.14.33:497][  0]LogConfig: Setting CVar [[r.BloomQuality:5]]
[2019.04.09-22.14.33:497][  0]LogConfig: Setting CVar [[r.FastBlurThreshold:100]]
[2019.04.09-22.14.33:497][  0]LogConfig: Setting CVar [[r.Upscale.Quality:3]]
[2019.04.09-22.14.33:497][  0]LogConfig: Setting CVar [[r.Tonemapper.GrainQuantization:1]]
[2019.04.09-22.14.33:497][  0]LogConfig: Setting CVar [[r.LightShaftQuality:1]]
[2019.04.09-22.14.33:497][  0]LogConfig: Setting CVar [[r.Filter.SizeScale:1]]
[2019.04.09-22.14.33:497][  0]LogConfig: Setting CVar [[r.Tonemapper.Quality:5]]
[2019.04.09-22.14.33:497][  0]LogConfig: Setting CVar [[r.DOF.Gather.AccumulatorQuality:1        ; higher gathering accumulator quality]]
[2019.04.09-22.14.33:497][  0]LogConfig: Setting CVar [[r.DOF.Gather.PostfilterMethod:1          ; Median3x3 postfilering method]]
[2019.04.09-22.14.33:497][  0]LogConfig: Setting CVar [[r.DOF.Gather.EnableBokehSettings:0       ; no bokeh simulation when gathering]]
[2019.04.09-22.14.33:497][  0]LogConfig: Setting CVar [[r.DOF.Gather.RingCount:4                 ; medium number of samples when gathering]]
[2019.04.09-22.14.33:497][  0]LogConfig: Setting CVar [[r.DOF.Scatter.ForegroundCompositing:1    ; additive foreground scattering]]
[2019.04.09-22.14.33:497][  0]LogConfig: Setting CVar [[r.DOF.Scatter.BackgroundCompositing:2    ; additive background scattering]]
[2019.04.09-22.14.33:497][  0]LogConfig: Setting CVar [[r.DOF.Scatter.EnableBokehSettings:1      ; bokeh simulation when scattering]]
[2019.04.09-22.14.33:497][  0]LogConfig: Setting CVar [[r.DOF.Scatter.MaxSpriteRatio:0.1         ; only a maximum of 10% of scattered bokeh]]
[2019.04.09-22.14.33:497][  0]LogConfig: Setting CVar [[r.DOF.Recombine.Quality:1                ; cheap slight out of focus]]
[2019.04.09-22.14.33:497][  0]LogConfig: Setting CVar [[r.DOF.Recombine.EnableBokehSettings:0    ; no bokeh simulation on slight out of focus]]
[2019.04.09-22.14.33:497][  0]LogConfig: Setting CVar [[r.DOF.TemporalAAQuality:1                ; more stable temporal accumulation]]
[2019.04.09-22.14.33:497][  0]LogConfig: Setting CVar [[r.DOF.Kernel.MaxForegroundRadius:0.025]]
[2019.04.09-22.14.33:497][  0]LogConfig: Setting CVar [[r.DOF.Kernel.MaxBackgroundRadius:0.025]]
[2019.04.09-22.14.33:497][  0]LogConfig: Applying CVar settings from Section [TextureQuality@3] File [F:/SpaceShooter/Saved/Config/Windows/Scalability.ini]
[2019.04.09-22.14.33:497][  0]LogConfig: Setting CVar [[r.Streaming.MipBias:0]]
[2019.04.09-22.14.33:497][  0]LogConfig: Setting CVar [[r.Streaming.AmortizeCPUToGPUCopy:0]]
[2019.04.09-22.14.33:497][  0]LogConfig: Setting CVar [[r.Streaming.MaxNumTexturesToStreamPerFrame:0]]
[2019.04.09-22.14.33:497][  0]LogConfig: Setting CVar [[r.Streaming.Boost:1]]
[2019.04.09-22.14.33:497][  0]LogConfig: Setting CVar [[r.MaxAnisotropy:8]]
[2019.04.09-22.14.33:497][  0]LogConfig: Setting CVar [[r.Streaming.LimitPoolSizeToVRAM:0]]
[2019.04.09-22.14.33:497][  0]LogConfig: Setting CVar [[r.Streaming.PoolSize:1000]]
[2019.04.09-22.14.33:497][  0]LogConfig: Setting CVar [[r.Streaming.MaxEffectiveScreenSize:0]]
[2019.04.09-22.14.33:497][  0]LogConfig: Applying CVar settings from Section [EffectsQuality@3] File [F:/SpaceShooter/Saved/Config/Windows/Scalability.ini]
[2019.04.09-22.14.33:497][  0]LogConfig: Setting CVar [[r.TranslucencyLightingVolumeDim:64]]
[2019.04.09-22.14.33:497][  0]LogConfig: Setting CVar [[r.RefractionQuality:2]]
[2019.04.09-22.14.33:497][  0]LogConfig: Setting CVar [[r.SSR.Quality:3]]
[2019.04.09-22.14.33:497][  0]LogConfig: Setting CVar [[r.SceneColorFormat:4]]
[2019.04.09-22.14.33:497][  0]LogConfig: Setting CVar [[r.DetailMode:2]]
[2019.04.09-22.14.33:497][  0]LogConfig: Setting CVar [[r.TranslucencyVolumeBlur:1]]
[2019.04.09-22.14.33:497][  0]LogConfig: Setting CVar [[r.MaterialQualityLevel:1 ; High quality]]
[2019.04.09-22.14.33:497][  0]LogConfig: Setting CVar [[r.SSS.Scale:1]]
[2019.04.09-22.14.33:497][  0]LogConfig: Setting CVar [[r.SSS.SampleSet:2]]
[2019.04.09-22.14.33:497][  0]LogConfig: Setting CVar [[r.SSS.Quality:1]]
[2019.04.09-22.14.33:497][  0]LogConfig: Setting CVar [[r.SSS.HalfRes:1]]
[2019.04.09-22.14.33:497][  0]LogConfig: Setting CVar [[r.EmitterSpawnRateScale:1.0]]
[2019.04.09-22.14.33:497][  0]LogConfig: Setting CVar [[r.ParticleLightQuality:2]]
[2019.04.09-22.14.33:497][  0]LogConfig: Applying CVar settings from Section [FoliageQuality@3] File [F:/SpaceShooter/Saved/Config/Windows/Scalability.ini]
[2019.04.09-22.14.33:497][  0]LogConfig: Setting CVar [[foliage.DensityScale:1.0]]
[2019.04.09-22.14.33:497][  0]LogConfig: Setting CVar [[grass.DensityScale:1.0]]
[2019.04.09-22.14.33:497][  0]LogConfig: Applying CVar settings from Section [Startup] File [../../../Engine/Config/ConsoleVariables.ini]
[2019.04.09-22.14.33:497][  0]LogConfig: Setting CVar [[net.UseAdaptiveNetUpdateFrequency:0]]
[2019.04.09-22.14.33:497][  0]LogConfig: Applying CVar settings from Section [ConsoleVariables] File [F:/SpaceShooter/Saved/Config/Windows/Engine.ini]
[2019.04.09-22.14.33:498][  0]LogInit: Computer: LF104M06-72125
[2019.04.09-22.14.33:498][  0]LogInit: User: Aluno
[2019.04.09-22.14.33:498][  0]LogInit: CPU Page size=4096, Cores=4
[2019.04.09-22.14.33:498][  0]LogInit: High frequency timer resolution =10.000000 MHz
[2019.04.09-22.14.33:498][  0]LogMemory: Memory total: Physical=15.9GB (16GB approx)
[2019.04.09-22.14.33:498][  0]LogMemory: Platform Memory Stats for Windows
[2019.04.09-22.14.33:498][  0]LogMemory: Process Physical Memory: 101.52 MB used, 101.52 MB peak
[2019.04.09-22.14.33:498][  0]LogMemory: Process Virtual Memory: 91.25 MB used, 91.25 MB peak
[2019.04.09-22.14.33:498][  0]LogMemory: Physical Memory: 4553.55 MB used,  11743.41 MB free, 16296.95 MB total
[2019.04.09-22.14.33:498][  0]LogMemory: Virtual Memory: 4647.84 MB used,  134213080.00 MB free, 134217728.00 MB total
[2019.04.09-22.14.33:518][  0]LogInit: Using OS detected language (pt-BR).
[2019.04.09-22.14.33:518][  0]LogInit: Using OS detected locale (pt-BR).
[2019.04.09-22.14.33:905][  0]LogStreaming: Display: Took  0.388s to InitEngineTextLocalization.
[2019.04.09-22.14.33:905][  0]LogInit: Setting process to per monitor DPI aware
[2019.04.09-22.14.33:947][  0]LogSlate: New Slate User Created.  User Index 0, Is Virtual User: 0
[2019.04.09-22.14.33:947][  0]LogSlate: Slate User Registered.  User Index 0, Is Virtual User: 0
[2019.04.09-22.14.34:139][  0]LogHMD: Failed to initialize OpenVR with code 110
[2019.04.09-22.14.34:139][  0]LogD3D11RHI: D3D11 adapters:
[2019.04.09-22.14.34:148][  0]LogD3D11RHI:    0. 'Intel(R) HD Graphics 4600' (Feature Level 11_0)
[2019.04.09-22.14.34:148][  0]LogD3D11RHI:       112/0/2048 MB DedicatedVideo/DedicatedSystem/SharedSystem, Outputs:1, VendorId:0x8086
[2019.04.09-22.14.34:150][  0]LogD3D11RHI:    1. 'Microsoft Basic Render Driver' (Feature Level 11_0)
[2019.04.09-22.14.34:150][  0]LogD3D11RHI:       0/0/8148 MB DedicatedVideo/DedicatedSystem/SharedSystem, Outputs:0, VendorId:0x1414
[2019.04.09-22.14.34:150][  0]LogD3D11RHI: Chosen D3D11 Adapter: 0
[2019.04.09-22.14.34:155][  0]LogD3D11RHI: Creating new Direct3DDevice
[2019.04.09-22.14.34:155][  0]LogD3D11RHI:     GPU DeviceId: 0x412 (for the marketing name, search the web for "GPU Device Id")
[2019.04.09-22.14.34:155][  0]LogWindows: EnumDisplayDevices:
[2019.04.09-22.14.34:156][  0]LogWindows:    0. 'Intel(R) HD Graphics 4600' (P:1 D:1)
[2019.04.09-22.14.34:156][  0]LogWindows:    1. 'Intel(R) HD Graphics 4600' (P:0 D:0)
[2019.04.09-22.14.34:156][  0]LogWindows: DebugString: FoundDriverCount:2 
[2019.04.09-22.14.34:156][  0]LogD3D11RHI:     Adapter Name: Intel(R) HD Graphics 4600
[2019.04.09-22.14.34:156][  0]LogD3D11RHI:   Driver Version: 20.19.15.4549 (internal:20.19.15.4549, unified:20.19.15.4549)
[2019.04.09-22.14.34:156][  0]LogD3D11RHI:      Driver Date: 11-10-2016
[2019.04.09-22.14.34:156][  0]LogRHI: Texture pool is 795 MB (70% of 1136 MB)
[2019.04.09-22.14.34:169][  0]LogD3D11RHI: [IntelMetricsDiscovery] Started
[2019.04.09-22.14.34:169][  0]LogD3D11RHI: Async texture creation enabled
[2019.04.09-22.14.34:174][  0]LogD3D11RHI: GPU Timing Frequency: 12.500000 (Debug: 2 0)
[2019.04.09-22.14.34:484][  0]LogTemp: Display: Loaded TP AllDesktopTargetPlatform
[2019.04.09-22.14.34:503][  0]LogTemp: Display: Loaded TP MacClientTargetPlatform
[2019.04.09-22.14.34:523][  0]LogTemp: Display: Loaded TP MacNoEditorTargetPlatform
[2019.04.09-22.14.34:544][  0]LogTemp: Display: Loaded TP MacServerTargetPlatform
[2019.04.09-22.14.34:561][  0]LogTemp: Display: Loaded TP MacTargetPlatform
[2019.04.09-22.14.34:576][  0]LogTemp: Display: Loaded TP WindowsClientTargetPlatform
[2019.04.09-22.14.34:594][  0]LogTemp: Display: Loaded TP WindowsNoEditorTargetPlatform
[2019.04.09-22.14.34:607][  0]LogTemp: Display: Loaded TP WindowsServerTargetPlatform
[2019.04.09-22.14.34:613][  0]LogTemp: Display: Loaded TP WindowsTargetPlatform
[2019.04.09-22.14.34:683][  0]LogTemp: Display: Loaded TP AndroidTargetPlatform
[2019.04.09-22.14.34:684][  0]LogTemp: Display: Loaded TP AndroidTargetPlatform
[2019.04.09-22.14.34:684][  0]LogTemp: Display: Loaded TP AndroidTargetPlatform
[2019.04.09-22.14.34:684][  0]LogTemp: Display: Loaded TP AndroidTargetPlatform
[2019.04.09-22.14.34:684][  0]LogTemp: Display: Loaded TP AndroidTargetPlatform
[2019.04.09-22.14.34:684][  0]LogTemp: Display: Loaded TP AndroidTargetPlatform
[2019.04.09-22.14.34:684][  0]LogTemp: Display: Loaded TP AndroidTargetPlatform
[2019.04.09-22.14.34:684][  0]LogTemp: Display: Loaded TP AndroidTargetPlatform
[2019.04.09-22.14.34:684][  0]LogTemp: Display: Loaded TP AndroidTargetPlatform
[2019.04.09-22.14.34:684][  0]LogTemp: Display: Loaded TP AndroidTargetPlatform
[2019.04.09-22.14.34:684][  0]LogTemp: Display: Loaded TP AndroidTargetPlatform
[2019.04.09-22.14.34:684][  0]LogTemp: Display: Loaded TP AndroidTargetPlatform
[2019.04.09-22.14.34:684][  0]LogTemp: Display: Loaded TP AndroidTargetPlatform
[2019.04.09-22.14.34:684][  0]LogTemp: Display: Loaded TP AndroidTargetPlatform
[2019.04.09-22.14.34:684][  0]LogTemp: Display: Loaded TP AndroidTargetPlatform
[2019.04.09-22.14.34:684][  0]LogTemp: Display: Loaded TP AndroidTargetPlatform
[2019.04.09-22.14.34:684][  0]LogTemp: Display: Loaded TP AndroidTargetPlatform
[2019.04.09-22.14.34:684][  0]LogTemp: Display: Loaded TP AndroidTargetPlatform
[2019.04.09-22.14.34:685][  0]LogTemp: Display: Loaded TP HTML5TargetPlatform
[2019.04.09-22.14.34:743][  0]LogTemp: Display: Loaded TP IOSTargetPlatform
[2019.04.09-22.14.34:743][  0]LogTemp: Display: Loaded TP IOSTargetPlatform
[2019.04.09-22.14.34:764][  0]LogTemp: Display: Loaded TP TVOSTargetPlatform
[2019.04.09-22.14.34:764][  0]LogTemp: Display: Loaded TP TVOSTargetPlatform
[2019.04.09-22.14.34:776][  0]LogTemp: Display: Loaded TP LinuxClientTargetPlatform
[2019.04.09-22.14.34:788][  0]LogTemp: Display: Loaded TP LinuxNoEditorTargetPlatform
[2019.04.09-22.14.34:800][  0]LogTemp: Display: Loaded TP LinuxServerTargetPlatform
[2019.04.09-22.14.34:814][  0]LogTemp: Display: Loaded TP LinuxTargetPlatform
[2019.04.09-22.14.34:857][  0]LogTemp: Display: Loaded TP LuminTargetPlatform
[2019.04.09-22.14.34:857][  0]LogTemp: Display: Loaded TP LuminTargetPlatform
[2019.04.09-22.14.34:857][  0]LogTargetPlatformManager: Display: Building Assets For Windows
[2019.04.09-22.14.34:926][  0]LogShaderCompilers: Guid format shader working directory is 31 characters bigger than the processId version (F:/SpaceShooter/Intermediate/Shaders/WorkingDirectory/2300/).
[2019.04.09-22.14.34:926][  0]LogShaderCompilers: Cleaned the shader compiler working directory 'C:/Users/Aluno/AppData/Local/Temp/UnrealShaderWorkingDir/EABCE8F3421ACB717A4D67A5FA69A7B6/'.
[2019.04.09-22.14.34:929][  0]LogXGEController: Cannot use XGE Controller as Incredibuild is not installed on this machine.
[2019.04.09-22.14.34:929][  0]LogShaderCompilers: Cannot use XGE Shader Compiler as Incredibuild is not installed on this machine.
[2019.04.09-22.14.34:929][  0]LogShaderCompilers: Display: Using Local Shader Compiler.
[2019.04.09-22.14.35:504][  0]LogDerivedDataCache: Display: Max Cache Size: 512 MB
[2019.04.09-22.14.35:570][  0]LogDerivedDataCache: Loaded boot cache 0.07s 86MB C:/Users/Aluno/AppData/Local/UnrealEngine/4.21/DerivedDataCache/Boot.ddc.
[2019.04.09-22.14.35:570][  0]LogDerivedDataCache: Display: Loaded Boot cache: C:/Users/Aluno/AppData/Local/UnrealEngine/4.21/DerivedDataCache/Boot.ddc
[2019.04.09-22.14.35:570][  0]LogDerivedDataCache: FDerivedDataBackendGraph:  Pak pak cache file F:/SpaceShooter/DerivedDataCache/DDC.ddp not found, will not use a pak cache.
[2019.04.09-22.14.35:570][  0]LogDerivedDataCache: Unable to find inner node Pak for hierarchical cache Hierarchy.
[2019.04.09-22.14.35:570][  0]LogDerivedDataCache: FDerivedDataBackendGraph:  CompressedPak pak cache file F:/SpaceShooter/DerivedDataCache/Compressed.ddp not found, will not use a pak cache.
[2019.04.09-22.14.35:570][  0]LogDerivedDataCache: Unable to find inner node CompressedPak for hierarchical cache Hierarchy.
[2019.04.09-22.14.35:584][  0]LogDerivedDataCache: Display: Pak cache opened for reading ../../../Engine/DerivedDataCache/Compressed.ddp.
[2019.04.09-22.14.35:584][  0]LogDerivedDataCache: FDerivedDataBackendGraph:  EnterprisePak pak cache file ../../../Enterprise/DerivedDataCache/Compressed.ddp not found, will not use a pak cache.
[2019.04.09-22.14.35:584][  0]LogDerivedDataCache: Unable to find inner node EnterprisePak for hierarchical cache Hierarchy.
[2019.04.09-22.14.35:596][  0]LogDerivedDataCache: Using Local data cache path C:/Users/Aluno/AppData/Local/UnrealEngine/Common/DerivedDataCache: Writable
[2019.04.09-22.14.35:596][  0]LogDerivedDataCache: Shared data cache path not found in *engine.ini, will not use an Shared cache.
[2019.04.09-22.14.35:596][  0]LogDerivedDataCache: Unable to find inner node Shared for hierarchical cache Hierarchy.
[2019.04.09-22.14.35:622][  0]LogMaterial: Verifying Global Shaders for PCD3D_SM5
[2019.04.09-22.14.35:623][  0]LogSlate: Using FreeType 2.6.0
[2019.04.09-22.14.35:624][  0]LogSlate: SlateFontServices - WITH_FREETYPE: 1, WITH_HARFBUZZ: 1
[2019.04.09-22.14.35:724][  0]LogAssetRegistry: FAssetRegistry took 0.0363 seconds to start up
[2019.04.09-22.14.36:093][  0]LogInit: Selected Device Profile: [Windows]
[2019.04.09-22.14.36:257][  0]LogSimplygon: Simplygon DLL not present - disabling.
[2019.04.09-22.14.36:261][  0]LogMeshReduction: Using SimplygonSwarm for distributed automatic mesh merging
[2019.04.09-22.14.36:261][  0]LogMeshReduction: Using ProxyLODMeshReduction for automatic mesh merging
[2019.04.09-22.14.36:261][  0]LogMeshReduction: Using QuadricMeshReduction for automatic static mesh reduction
[2019.04.09-22.14.36:261][  0]LogMeshReduction: No automatic skeletal mesh reduction module available
[2019.04.09-22.14.36:280][  0]LogNetVersion: SpaceShooter 1.0.0, NetCL: 4541578, EngineNetVer: 5, GameNetVer: 0 (Checksum: 1126358671)
[2019.04.09-22.14.37:317][  0]LogPackageLocalizationCache: Processed 11 localized package path(s) for 2 prioritized culture(s) in 0.583134 seconds
[2019.04.09-22.14.37:326][  0]LogUObjectArray: 39775 objects as part of root set at end of initial load.
[2019.04.09-22.14.37:326][  0]LogUObjectAllocator: 6914664 out of 0 bytes used by permanent object pool.
[2019.04.09-22.14.37:326][  0]LogUObjectArray: CloseDisregardForGC: 0/0 objects in disregard for GC pool
[2019.04.09-22.14.38:412][  0]LogTcpMessaging: Initializing TcpMessaging bridge
[2019.04.09-22.14.38:425][  0]LogUdpMessaging: Initializing bridge on interface 0.0.0.0:0 to multicast group 230.0.0.1:6666.
[2019.04.09-22.14.39:090][  0]SourceControl: Controle de origem desativado
[2019.04.09-22.14.39:090][  0]SourceControl: Controle de origem desativado
[2019.04.09-22.14.39:091][  0]SourceControl: Controle de origem desativado
[2019.04.09-22.14.39:092][  0]SourceControl: Controle de origem desativado
[2019.04.09-22.14.39:257][  0]LogAndroidPermission: UAndroidPermissionCallbackProxy::GetInstance
[2019.04.09-22.14.39:296][  0]LogOcInput: OculusInput pre-init called
[2019.04.09-22.14.39:436][  0]LogEngine: Initializing Engine...
[2019.04.09-22.14.39:437][  0]LogHMD: Failed to initialize OpenVR with code 110
[2019.04.09-22.14.39:438][  0]LogStats: UGameplayTagsManager::ConstructGameplayTagTree: ImportINI prefixes -  0.000 s
[2019.04.09-22.14.39:438][  0]LogStats: UGameplayTagsManager::ConstructGameplayTagTree: Construct from data asset -  0.000 s
[2019.04.09-22.14.39:438][  0]LogStats: UGameplayTagsManager::ConstructGameplayTagTree: ImportINI -  0.000 s
[2019.04.09-22.14.39:438][  0]LogStats: UGameplayTagsManager::ConstructGameplayTagTree: GameplayTagTreeChangedEvent.Broadcast -  0.000 s
[2019.04.09-22.14.39:672][  0]LogInit: Initializing FReadOnlyCVARCache
[2019.04.09-22.14.39:688][  0]LogAIModule: Creating AISystem for world Untitled
[2019.04.09-22.14.39:693][  0]LogInit: XAudio2 using 'Alto-falantes (Realtek High Definition Audio)' : 2 channels at 48 kHz using 32 bits per sample (channel mask 0x3)
[2019.04.09-22.14.39:729][  0]LogInit: FAudioDevice initialized.
[2019.04.09-22.14.39:730][  0]LogNetVersion: Set ProjectVersion to 1.0.0.0. Version Checksum will be recalculated on next use.
[2019.04.09-22.14.39:918][  0]LogDerivedDataCache: Saved boot cache 0.19s 86MB C:/Users/Aluno/AppData/Local/UnrealEngine/4.21/DerivedDataCache/Boot.ddc.
[2019.04.09-22.14.39:930][  0]LogInit: Texture streaming: Enabled
[2019.04.09-22.14.39:948][  0]LogEngineSessionManager: EngineSessionManager initialized
[2019.04.09-22.14.39:998][  0]LogInit: Transaction tracking system initialized
[2019.04.09-22.14.40:024][  0]BlueprintLog: New page: Carregar Editor
[2019.04.09-22.14.40:104][  0]LocalizationService: Localization service is disabled
[2019.04.09-22.14.41:115][  0]LogFileCache: Scanning file cache for directory 'F:/SpaceShooter/Content/' took 0.01s
[2019.04.09-22.14.41:115][  0]LogCook: Display: Max memory allowance for cook 16384mb min free memory 0mb
[2019.04.09-22.14.41:115][  0]LogCook: Display: Mobile HDR setting 1
[2019.04.09-22.14.41:115][  0]LogGameplayTags: Display: UGameplayTagsManager::DoneAddingNativeTags. DelegateIsBound: 0
[2019.04.09-22.14.41:115][  0]LogStats: UGameplayTagsManager::ConstructGameplayTagTree: ImportINI prefixes -  0.000 s
[2019.04.09-22.14.41:115][  0]LogStats: UGameplayTagsManager::ConstructGameplayTagTree: Construct from data asset -  0.000 s
[2019.04.09-22.14.41:115][  0]LogStats: UGameplayTagsManager::ConstructGameplayTagTree: ImportINI -  0.000 s
[2019.04.09-22.14.41:115][  0]LogStats: UGameplayTagsManager::ConstructGameplayTagTree: GameplayTagTreeChangedEvent.Broadcast -  0.000 s
[2019.04.09-22.14.41:237][  0]SourceControl: Controle de origem desativado
[2019.04.09-22.14.41:238][  0]Cmd: MAP LOAD FILE="../../../Engine/Content/Maps/Templates/Template_Default.umap" TEMPLATE=1 SHOWPROGRESS=1 FEATURELEVEL=3
[2019.04.09-22.14.41:238][  0]LightingResults: New page: Compilação de Iluminação
[2019.04.09-22.14.41:241][  0]MapCheck: New page: Verificação de Mapa
[2019.04.09-22.14.41:241][  0]LightingResults: New page: Compilação de Iluminação
[2019.04.09-22.14.41:396][  0]LogAIModule: Creating AISystem for world Untitled_1
[2019.04.09-22.14.41:403][  0]LogEditorServer: Finished looking for orphan Actors (0.000 secs)
[2019.04.09-22.14.41:426][  0]Cmd: MAP CHECKDEP NOCLEARLOG
[2019.04.09-22.14.41:427][  0]MapCheck: Map check complete: 0 Error(s), 0 Warning(s), took 0,128ms to complete.
[2019.04.09-22.14.41:427][  0]LogFileHelpers: Loading map 'Template_Default' took 0.189
[2019.04.09-22.14.41:785][  0]LogSlate: Updating window title bar state: overlay mode, drag disabled, window buttons hidden, title bar hidden
[2019.04.09-22.14.41:793][  0]LogSlate: Updating window title bar state: overlay mode, drag disabled, window buttons hidden, title bar hidden
[2019.04.09-22.14.41:800][  0]LogSlate: Updating window title bar state: overlay mode, drag disabled, window buttons hidden, title bar hidden
[2019.04.09-22.14.41:806][  0]LogSlate: Updating window title bar state: overlay mode, drag disabled, window buttons hidden, title bar hidden
[2019.04.09-22.14.41:870][  0]LogCollectionManager: Loaded 0 collections in 0.002017 seconds
[2019.04.09-22.14.41:986][  0]LogFileCache: Scanning file cache for directory 'F:/SpaceShooter/Saved/Collections/' took 0.01s
[2019.04.09-22.14.41:986][  0]LogFileCache: Scanning file cache for directory 'F:/SpaceShooter/Content/Developers/Aluno/Collections/' took 0.00s
[2019.04.09-22.14.41:986][  0]LogFileCache: Scanning file cache for directory 'F:/SpaceShooter/Content/Collections/' took 0.00s
[2019.04.09-22.14.41:986][  0]LogCollectionManager: Rebuilt the GUID cache for 0 collections in 0.000000 seconds
[2019.04.09-22.14.42:012][  0]LogContentBrowser: Native class hierarchy populated in 0.0146 seconds. Added 2651 classes and 620 folders.
[2019.04.09-22.14.42:147][  0]LogContentBrowser: Native class hierarchy updated for 'WidgetCarousel' in 0.0003 seconds. Added 0 classes and 0 folders.
[2019.04.09-22.14.42:185][  0]LogPakFile: Registered encryption key '00000000000000000000000000000000': 0 pak files mounted, 0 remain pending
[2019.04.09-22.14.42:203][  0]LogPakFile: Registered encryption key '00000000000000000000000000000000': 0 pak files mounted, 0 remain pending
[2019.04.09-22.14.42:217][  0]LogPakFile: Registered encryption key '00000000000000000000000000000000': 0 pak files mounted, 0 remain pending
[2019.04.09-22.14.42:222][  0]LogPakFile: Registered encryption key '00000000000000000000000000000000': 0 pak files mounted, 0 remain pending
[2019.04.09-22.14.42:228][  0]LogPakFile: Registered encryption key '00000000000000000000000000000000': 0 pak files mounted, 0 remain pending
[2019.04.09-22.14.42:232][  0]LogPakFile: Registered encryption key '00000000000000000000000000000000': 0 pak files mounted, 0 remain pending
[2019.04.09-22.14.42:236][  0]LogPakFile: Registered encryption key '00000000000000000000000000000000': 0 pak files mounted, 0 remain pending
[2019.04.09-22.14.42:267][  0]LogPakFile: Registered encryption key '00000000000000000000000000000000': 0 pak files mounted, 0 remain pending
[2019.04.09-22.14.42:274][  0]LogPakFile: Registered encryption key '00000000000000000000000000000000': 0 pak files mounted, 0 remain pending
[2019.04.09-22.14.42:282][  0]LogPakFile: Registered encryption key '00000000000000000000000000000000': 0 pak files mounted, 0 remain pending
[2019.04.09-22.14.42:288][  0]LogPakFile: Registered encryption key '00000000000000000000000000000000': 0 pak files mounted, 0 remain pending
[2019.04.09-22.14.42:294][  0]LogPakFile: Registered encryption key '00000000000000000000000000000000': 0 pak files mounted, 0 remain pending
[2019.04.09-22.14.42:301][  0]LogPakFile: Registered encryption key '00000000000000000000000000000000': 0 pak files mounted, 0 remain pending
[2019.04.09-22.14.42:308][  0]LogPakFile: Registered encryption key '00000000000000000000000000000000': 0 pak files mounted, 0 remain pending
[2019.04.09-22.14.42:313][  0]LogPakFile: Registered encryption key '00000000000000000000000000000000': 0 pak files mounted, 0 remain pending
[2019.04.09-22.14.42:318][  0]LogPakFile: Registered encryption key '00000000000000000000000000000000': 0 pak files mounted, 0 remain pending
[2019.04.09-22.14.42:339][  0]LogPakFile: Registered encryption key '00000000000000000000000000000000': 0 pak files mounted, 0 remain pending
[2019.04.09-22.14.42:344][  0]LogPakFile: Registered encryption key '00000000000000000000000000000000': 0 pak files mounted, 0 remain pending
[2019.04.09-22.14.42:349][  0]LogPakFile: Registered encryption key '00000000000000000000000000000000': 0 pak files mounted, 0 remain pending
[2019.04.09-22.14.42:354][  0]LogPakFile: Registered encryption key '00000000000000000000000000000000': 0 pak files mounted, 0 remain pending
[2019.04.09-22.14.42:377][  0]LogPakFile: Registered encryption key '00000000000000000000000000000000': 0 pak files mounted, 0 remain pending
[2019.04.09-22.14.42:383][  0]LogPakFile: Registered encryption key '00000000000000000000000000000000': 0 pak files mounted, 0 remain pending
[2019.04.09-22.14.42:388][  0]LogPakFile: Registered encryption key '00000000000000000000000000000000': 0 pak files mounted, 0 remain pending
[2019.04.09-22.14.42:394][  0]LogPakFile: Registered encryption key '00000000000000000000000000000000': 0 pak files mounted, 0 remain pending
[2019.04.09-22.14.42:400][  0]LogPakFile: Registered encryption key '00000000000000000000000000000000': 0 pak files mounted, 0 remain pending
[2019.04.09-22.14.42:405][  0]LogPakFile: Registered encryption key '00000000000000000000000000000000': 0 pak files mounted, 0 remain pending
[2019.04.09-22.14.42:950][  0]LogContentBrowser: Native class hierarchy updated for 'AddContentDialog' in 0.0004 seconds. Added 0 classes and 0 folders.
[2019.04.09-22.14.43:036][  0]LogContentBrowser: Native class hierarchy updated for 'SceneOutliner' in 0.0003 seconds. Added 1 classes and 2 folders.
[2019.04.09-22.14.43:376][  0]LogSlate: Took 0.000265 seconds to synchronously load lazily loaded font '../../../Engine/Content/Slate/Fonts/Roboto-Regular.ttf' (155K)
[2019.04.09-22.14.43:378][  0]LogSlate: Took 0.000172 seconds to synchronously load lazily loaded font '../../../Engine/Content/Slate/Fonts/Roboto-Bold.ttf' (160K)
[2019.04.09-22.14.43:474][  0]LogSlate: Took 0.064662 seconds to synchronously load lazily loaded font '../../../Engine/Content/Editor/Slate/Fonts/FontAwesome.ttf' (139K)
[2019.04.09-22.14.43:796][  0]LogRenderer: Reallocating scene render targets to support 856x372 Format 10 NumSamples 1 (Frame:1).
[2019.04.09-22.14.44:464][  0]LogSlate: FSceneViewport::OnFocusLost() reason 2
[2019.04.09-22.14.44:507][  0]LogSlate: Window 'Tutoriais' being destroyed
[2019.04.09-22.14.44:538][  0]LogContentBrowser: Native class hierarchy updated for 'HierarchicalLODOutliner' in 0.0004 seconds. Added 0 classes and 0 folders.
[2019.04.09-22.14.44:538][  0]LogLoad: (Engine Initialization) Total time: 13.61 seconds
[2019.04.09-22.14.44:538][  0]LogLoad: (Engine Initialization) Total Blueprint compile time: 0.00 seconds
[2019.04.09-22.14.44:656][  0]LogContentStreaming: Texture pool size now 1000 MB
[2019.04.09-22.14.45:250][  2]LogAssetRegistry: Asset discovery search completed in 9.5492 seconds
[2019.04.09-22.14.45:252][  2]LogCollectionManager: Rebuilt the object cache for 0 collections in 0.000001 seconds (found 0 objects)
[2019.04.09-22.14.45:252][  2]LogCollectionManager: Fixed up redirectors for 0 collections in 0.000100 seconds (updated 0 objects)
[2019.04.09-22.14.48:958][ 13]LogSlate: Took 0.009818 seconds to synchronously load lazily loaded font '../../../Engine/Content/Slate/Fonts/Roboto-Light.ttf' (167K)
[2019.04.09-22.15.00:664][124]LogSlate: FSceneViewport::OnFocusLost() reason 0
[2019.04.09-22.15.01:325][153]LogStaticMesh: Criando malha estática SM_Player...
[2019.04.09-22.15.01:367][153]LogSlate: Took 0.000244 seconds to synchronously load lazily loaded font '../../../Engine/Content/Slate/Fonts/Roboto-Light.ttf' (167K)
[2019.04.09-22.15.01:429][153]LogStaticMesh: Built static mesh [0.10s] /Game/Meshes/SM_Player.SM_Player
[2019.04.09-22.15.01:469][153]LogAssetEditorManager: Opening Asset editor for StaticMesh /Game/Meshes/SM_Player.SM_Player
[2019.04.09-22.15.04:512][174]LogRenderer: Reallocating scene render targets to support 1016x612 Format 10 NumSamples 1 (Frame:22).
[2019.04.09-22.15.04:512][174]LogSlate: Took 0.026724 seconds to synchronously load lazily loaded font '../../../Engine/Content/Slate/Fonts/Roboto-Italic.ttf' (157K)
[2019.04.09-22.15.04:793][200]LogSlate: Window 'SM_Player' being destroyed
[2019.04.09-22.15.43:520][ 77]LogSlate: FSceneViewport::OnFocusLost() reason 2
[2019.04.09-22.15.45:364][293]LogSlate: FSceneViewport::OnFocusLost() reason 2
[2019.04.09-22.15.46:645][444]LogSlate: FSceneViewport::OnFocusLost() reason 2
[2019.04.09-22.15.48:815][444]LogSlate: Only BGRA pngs, bmps or icos are supported in by External Image Picker
[2019.04.09-22.15.48:991][446]LogTemp: Executing iPhonePackager certificates Engine -bundlename com.YourCompany.SpaceShooter
[2019.04.09-22.15.48:992][446]LogTemp: CWD: C:\Program Files\Epic Games\UE_4.21\Engine\Binaries\DotNET\IOS
[2019.04.09-22.15.48:992][446]LogTemp: Initial Dir: C:\Program Files\Epic Games\UE_4.21
[2019.04.09-22.15.48:992][446]LogTemp: Env CWD: C:\Program Files\Epic Games\UE_4.21\Engine\Binaries\DotNET\IOS
[2019.04.09-22.15.48:992][446]LogTemp: BranchPath = LF104M06-72125/C/Program Files/Epic Games/UE_4.21/Engine/Binaries --- GameBranchPath = LF104M06-72125/C/Program Files/Epic Games/UE_4.21/Engine/Binaries
[2019.04.09-22.15.49:076][447]LogTemp: IPP ERROR: Could not find provision directory 'C:\Users\Aluno\AppData\Local/Apple Computer/MobileDevice/Provisioning Profiles/'.
[2019.04.09-22.16.56:444][996]LogSlate: Window 'Configurações do Projeto' being destroyed
[2019.04.09-22.16.57:597][ 24]LogSlate: FSceneViewport::OnFocusLost() reason 0
[2019.04.09-22.25.24:522][716]LogSlate: FSceneViewport::OnFocusLost() reason 0
[2019.04.09-22.25.51:254][261]Cmd: OBJ SAVEPACKAGE PACKAGE="/Game/Meshes/SM_Player" FILE="F:/SpaceShooter/Content/Meshes/SM_Player.uasset" SILENT=true
[2019.04.09-22.25.51:605][261]LogSavePackage: Moving 'F:/SpaceShooter/Saved/SM_Player7323DE2F4D6978F8D4224B8739FA1004.tmp' to 'F:/SpaceShooter/Content/Meshes/SM_Player.uasset'
[2019.04.09-22.31.03:349][104]LogSlate: Window 'Salvar Nível Como' being destroyed
[2019.04.09-22.31.09:863][117]LogSlate: Window 'Salvar Nível Como' being destroyed
[2019.04.09-22.31.09:979][117]Cmd: OBJ SAVEPACKAGE PACKAGE="/Game/Maps/Mapa" FILE="F:/SpaceShooter/Content/Maps/Mapa.umap" SILENT=true AUTOSAVING=false KEEPDIRTY=false
[2019.04.09-22.31.13:824][117]LogSavePackage: Moving 'F:/SpaceShooter/Saved/MapaA8BDF19D40C61B39D47E5E9D6E14C167.tmp' to 'F:/SpaceShooter/Content/Maps/Mapa.umap'
[2019.04.09-22.31.13:930][117]Cmd: OBJ SAVEPACKAGE PACKAGE="/Game/Maps/Mapa_BuiltData" FILE="F:/SpaceShooter/Content/Maps/Mapa_BuiltData.uasset" SILENT=true
[2019.04.09-22.31.14:045][117]LogSavePackage: Moving 'F:/SpaceShooter/Saved/Mapa_BuiltData26F6CC284B068C0AAE6359A19E9BD541.tmp' to 'F:/SpaceShooter/Content/Maps/Mapa_BuiltData.uasset'
[2019.04.09-22.31.14:070][117]LogFileHelpers: Saving map 'Mapa' took 4.200
[2019.04.09-22.31.20:531][192]LogMaterial: Display: Missing cached shader map for material MT_MaterialRed, compiling. 
[2019.04.09-22.31.20:604][192]LogAIModule: Creating AISystem for world MP_Main
[2019.04.09-22.31.20:607][192]LogAssetEditorManager: Opening Asset editor for World /Game/Scenes/MP_Main.MP_Main
[2019.04.09-22.31.20:627][192]LogShaderCompilers: Display: Shaders left to compile 22
[2019.04.09-22.31.20:627][192]LogShaderCompilers: Display: Shaders left to compile 12
[2019.04.09-22.31.20:627][192]LogShaderCompilers: Display: Shaders left to compile 2
[2019.04.09-22.31.20:629][192]Cmd: MAP LOAD FILE="F:/SpaceShooter/Content/Scenes/MP_Main.umap" TEMPLATE=0 SHOWPROGRESS=1 FEATURELEVEL=3
[2019.04.09-22.31.20:629][192]LightingResults: New page: Compilação de Iluminação
[2019.04.09-22.31.20:629][192]LoadErrors: New page: Carregando mapa: MP_Main.umap
[2019.04.09-22.31.20:630][192]MapCheck: New page: Verificação de Mapa
[2019.04.09-22.31.20:630][192]LightingResults: New page: Compilação de Iluminação
[2019.04.09-22.31.20:657][192]LogEditorServer: Finished looking for orphan Actors (0.000 secs)
[2019.04.09-22.31.20:728][192]Cmd: MAP CHECKDEP NOCLEARLOG
[2019.04.09-22.31.20:728][192]MapCheck: Map check complete: 0 Error(s), 0 Warning(s), took 0,172ms to complete.
[2019.04.09-22.31.20:728][192]LogFileHelpers: Loading map 'MP_Main' took 0.100
[2019.04.09-22.31.33:391][359]LogEditorViewport: Clicking on Actor (LMB): StaticMeshActor (SM_Player)
[2019.04.09-22.31.34:539][371]LogEditorViewport: Clicking on Actor (LMB): StaticMeshActor (SM_Player)
[2019.04.09-22.31.34:648][371]LogEditorViewport: Clicking on Component (LMB): StaticMeshComponent (StaticMeshComponent0)
[2019.04.09-22.31.35:384][382]LogSlate: FSceneViewport::OnFocusLost() reason 0
[2019.04.09-22.33.21:421][884]LogSlate: FSceneViewport::OnFocusLost() reason 0
[2019.04.09-22.33.26:154][950]LogAssetEditorManager: Opening Asset editor for Blueprint /Game/BluePrints/BP_BluePrintsPawn.BP_BluePrintsPawn
[2019.04.09-22.33.26:777][950]LogContentBrowser: Native class hierarchy updated for 'BlueprintGraph' in 0.0008 seconds. Added 117 classes and 0 folders.
[2019.04.09-22.33.27:899][950]LogSlate: Took 0.028390 seconds to synchronously load lazily loaded font '../../../Engine/Content/Slate/Fonts/Roboto-BoldCondensed.ttf' (158K)
[2019.04.09-22.34.27:318][857]LogSlate: Took 0.067703 seconds to synchronously load lazily loaded font '../../../Engine/Content/Slate/Fonts/DroidSansFallback.ttf' (3848K)
[2019.04.09-22.34.27:337][858]LogSlate: Took 0.006288 seconds to synchronously load lazily loaded font '../../../Engine/Content/Slate/Fonts/NotoNaskhArabicUI-Regular.ttf' (144K)
[2019.04.09-22.34.28:692][968]LogPackageLocalizationCache: Processed 11 localized package path(s) for 1 prioritized culture(s) in 0.392563 seconds
[2019.04.09-22.34.28:692][968]LogSlate: FontCache flush requested. Reason: Culture for localization was changed
[2019.04.09-22.34.28:692][968]LogSlate: FontCache flush requested. Reason: Culture for localization was changed
[2019.04.09-22.34.29:458][969]LogSlate: Took 0.000326 seconds to synchronously load lazily loaded font '../../../Engine/Content/Slate/Fonts/Roboto-Regular.ttf' (155K)
[2019.04.09-22.34.29:459][969]LogSlate: Took 0.000281 seconds to synchronously load lazily loaded font '../../../Engine/Content/Slate/Fonts/Roboto-Bold.ttf' (160K)
[2019.04.09-22.34.29:463][969]LogSlate: Took 0.000194 seconds to synchronously load lazily loaded font '../../../Engine/Content/Editor/Slate/Fonts/FontAwesome.ttf' (139K)
[2019.04.09-22.34.29:468][969]LogSlate: Took 0.000219 seconds to synchronously load lazily loaded font '../../../Engine/Content/Slate/Fonts/Roboto-BoldCondensed.ttf' (158K)
[2019.04.09-22.34.31:194][988]LogSlate: Window 'Message' being destroyed
[2019.04.09-22.34.32:145][988]LogSlate: Window 'Message' being destroyed
[2019.04.09-22.34.33:153][ 11]LogSlate: Window 'Editor Preferences' being destroyed
[2019.04.09-22.34.33:162][ 11]LogSlate: Window 'Editor Preferences' being destroyed
[2019.04.09-22.35.57:228][209]LogSlate: Took 0.000257 seconds to synchronously load lazily loaded font '../../../Engine/Content/Slate/Fonts/Roboto-Light.ttf' (167K)
[2019.04.09-22.35.57:385][211]LogWindows: Windows GetLastError: A operação foi concluída com êxito. (0)
[2019.04.09-22.36.02:910][211]LogOutputDevice: Warning: 

Script Stack (0 frames):

[2019.04.09-22.36.02:910][211]LogWindows: Windows GetLastError: A operação foi concluída com êxito. (0)
[2019.04.09-22.36.02:910][211]LogWindows: Error: === Critical error: ===
[2019.04.09-22.36.02:910][211]LogWindows: Error: 
[2019.04.09-22.36.02:910][211]LogWindows: Error: Fatal error: [File:D:\Build\++UE4\Sync\Engine\Source\Runtime\RenderCore\Private\RenderingThread.cpp] [Line: 826] 
[2019.04.09-22.36.02:910][211]LogWindows: Error: Rendering thread exception:
[2019.04.09-22.36.02:910][211]LogWindows: Error: Assertion failed: MeshElement.Texture && MeshElement.Texture->SamplerStateRHI.GetReference() [File:D:\Build\++UE4\Sync\Engine\Source\Runtime\Engine\Private\BatchedElements.cpp] [Line: 1216] 
[2019.04.09-22.36.02:910][211]LogWindows: Error: MeshElement.Texture=00000213AAFE32F0, bInitialized=0, name=undefined
[2019.04.09-22.36.02:910][211]LogWindows: Error: 
[2019.04.09-22.36.02:910][211]LogWindows: Error: 
[2019.04.09-22.36.02:910][211]LogWindows: Error: [Callstack] 0x00007ff8d3c8a388 KERNELBASE.dll!UnknownFunction []
[2019.04.09-22.36.02:910][211]LogWindows: Error: [Callstack] 0x00007ff88330cd1a UE4Editor-Core.dll!UnknownFunction []
[2019.04.09-22.36.02:910][211]LogWindows: Error: [Callstack] 0x00007ff8830ea967 UE4Editor-Core.dll!UnknownFunction []
[2019.04.09-22.36.02:910][211]LogWindows: Error: [Callstack] 0x00007ff883020df7 UE4Editor-Core.dll!UnknownFunction []
[2019.04.09-22.36.02:910][211]LogWindows: Error: [Callstack] 0x00007ff883d2be66 UE4Editor-Engine.dll!UnknownFunction []
[2019.04.09-22.36.02:910][211]LogWindows: Error: [Callstack] 0x00007ff884d96b19 UE4Editor-Engine.dll!UnknownFunction []
[2019.04.09-22.36.02:910][211]LogWindows: Error: [Callstack] 0x00007ff884d6a9fc UE4Editor-Engine.dll!UnknownFunction []
[2019.04.09-22.36.02:910][211]LogWindows: Error: [Callstack] 0x00007ff884a9fcaf UE4Editor-Engine.dll!UnknownFunction []
[2019.04.09-22.36.02:910][211]LogWindows: Error: [Callstack] 0x00007ff8778f878c UE4Editor-SlateRHIRenderer.dll!UnknownFunction []
[2019.04.09-22.36.02:910][211]LogWindows: Error: [Callstack] 0x00007ff877900200 UE4Editor-SlateRHIRenderer.dll!UnknownFunction []
[2019.04.09-22.36.02:910][211]LogWindows: Error: [Callstack] 0x00007ff8779079ca UE4Editor-SlateRHIRenderer.dll!UnknownFunction []
[2019.04.09-22.36.02:910][211]LogWindows: Error: [Callstack] 0x00007ff882eb1798 UE4Editor-Core.dll!UnknownFunction []
[2019.04.09-22.36.02:910][211]LogWindows: Error: [Callstack] 0x00007ff882eb1c56 UE4Editor-Core.dll!UnknownFunction []
[2019.04.09-22.36.02:910][211]LogWindows: Error: [Callstack] 0x00007ff8a6319af9 UE4Editor-RenderCore.dll!UnknownFunction []
[2019.04.09-22.36.02:910][211]LogWindows: Error: [Callstack] 0x00007ff8a631aa74 UE4Editor-RenderCore.dll!UnknownFunction []
[2019.04.09-22.36.02:910][211]LogWindows: Error: [Callstack] 0x00007ff88330c500 UE4Editor-Core.dll!UnknownFunction []
[2019.04.09-22.36.02:910][211]LogWindows: Error: [Callstack] 0x00007ff8832fcac1 UE4Editor-Core.dll!UnknownFunction []
[2019.04.09-22.36.02:910][211]LogWindows: Error: [Callstack] 0x00007ff8d5c03034 KERNEL32.DLL!UnknownFunction []
[2019.04.09-22.36.02:910][211]LogWindows: Error: [Callstack] 0x00007ff8d7551431 ntdll.dll!UnknownFunction []
[2019.04.09-22.36.02:910][211]LogWindows: Error: 
[2019.04.09-22.36.02:910][211]LogWindows: Error: 
[2019.04.09-22.36.02:910][211]LogWindows: Error: 
[2019.04.09-22.36.02:910][211]LogWindows: Error: 
[2019.04.09-22.36.02:937][211]LogExit: Executing StaticShutdownAfterError
[2019.04.09-22.36.02:942][211]LogWindows: FPlatformMisc::RequestExit(1)
[2019.04.09-22.36.02:952][211]Log file closed, 04/09/19 19:36:02
